[66.45296407  0.          0.        ], [1.49577866e+11 2.57332896e+09 0.00000000e+00]
[265.79219213   2.2861676    0.        ], [1.49511471e+11 5.14589645e+09 0.00000000e+00]
[597.95869751   9.14399391   0.        ], [1.49400834e+11 7.71694123e+09 0.00000000e+00]
[1062.85418847   22.85761719    0.        ], [1.49245988e+11 1.02857025e+10 0.00000000e+00]
[1660.34109733   45.70914699    0.        ], [1.49046978e+11 1.28514201e+10 0.00000000e+00]
[2390.24262115   79.97798882    0.        ], [1.48803865e+11 1.54133349e+10 0.00000000e+00]
[3252.34277403  127.94016966    0.        ], [1.48516719e+11 1.79706888e+10 0.00000000e+00]
[4246.38645106  191.86766442    0.        ], [1.48185626e+11 2.05227250e+10 0.00000000e+00]
[5372.07950382  274.02772365    0.        ], [1.47810684e+11 2.30686883e+10 0.00000000e+00]
[6629.08882737  376.68220262    0.        ], [1.47392003e+11 2.56078254e+10 0.00000000e+00]
[8017.04245887  502.08689204    0.        ], [1.46929707e+11 2.81393849e+10 0.00000000e+00]
[9535.52968763  652.49085047    0.        ], [1.46423934e+11 3.06626178e+10 0.00000000e+00]
[11184.10117666   830.13573887     0.        ], [1.45874833e+11 3.31767773e+10 0.00000000e+00]
[12962.26909564  1037.25515721     0.        ], [1.45282566e+11 3.56811196e+10 0.00000000e+00]
[14869.50726525  1276.07398353     0.        ], [1.44647308e+11 3.81749034e+10 0.00000000e+00]
[16905.25131292  1548.80771557     0.        ], [1.43969249e+11 4.06573911e+10 0.00000000e+00]
[19068.8988398   1857.66181519     0.        ], [1.43248587e+11 4.31278478e+10 0.00000000e+00]
[21359.80959904  2204.83105572     0.        ], [1.42485538e+11 4.55855427e+10 0.00000000e+00]
[23777.30568528  2592.49887249     0.        ], [1.41680325e+11 4.80297484e+10 0.00000000e+00]
[26320.67173519  3022.83671677     0.        ], [1.40833188e+11 5.04597417e+10 0.00000000e+00]
[28989.15513921  3498.00341315     0.        ], [1.39944378e+11 5.28748035e+10 0.00000000e+00]
[31781.96626426  4020.14452075     0.        ], [1.39014156e+11 5.52742192e+10 0.00000000e+00]
[34698.27868738  4591.39169832     0.        ], [1.38042800e+11 5.76572789e+10 0.00000000e+00]
[37737.22944033  5213.86207346     0.        ], [1.37030595e+11 6.00232772e+10 0.00000000e+00]
[40897.91926489  5889.65761608     0.        ], [1.35977842e+11 6.23715142e+10 0.00000000e+00]
[44179.41287905  6620.86451649     0.        ], [1.34884851e+11 6.47012949e+10 0.00000000e+00]
[47580.73925371  7409.55256801     0.        ], [1.33751948e+11 6.70119300e+10 0.00000000e+00]
[51100.89190007  8257.7745545      0.        ], [1.32579466e+11 6.93027357e+10 0.00000000e+00]
[54738.82916745  9167.56564293     0.        ], [1.31367752e+11 7.15730341e+10 0.00000000e+00]
[58493.47455154 10140.94278113     0.        ], [1.30117166e+11 7.38221535e+10 0.00000000e+00]
[62363.71701295 11179.90410099     0.        ], [1.28828077e+11 7.60494283e+10 0.00000000e+00]
[66348.411306   12286.42832714     0.        ], [1.27500867e+11 7.82541994e+10 0.00000000e+00]
[70446.3783176  13462.47419145     0.        ], [1.26135928e+11 8.04358145e+10 0.00000000e+00]
[74656.40541621 14709.97985343     0.        ], [1.24733665e+11 8.25936279e+10 0.00000000e+00]
[78977.24681064 16030.86232668     0.        ], [1.23294491e+11 8.47270012e+10 0.00000000e+00]
[83407.62391871 17427.01691164     0.        ], [1.21818835e+11 8.68353031e+10 0.00000000e+00]
[87946.22574564 18900.31663475     0.        ], [1.20307130e+11 8.89179098e+10 0.00000000e+00]
[92591.70927195 20452.61169419     0.        ], [1.18759826e+11 9.09742049e+10 0.00000000e+00]
[97342.69985092 22085.72891241     0.        ], [1.17177381e+11 9.30035800e+10 0.00000000e+00]
[102197.79161534  23801.47119553      0.        ], [1.15560261e+11 9.50054345e+10 0.00000000e+00]
[107155.54789356  25601.61699987      0.        ], [1.13908946e+11 9.69791762e+10 0.00000000e+00]
[112214.50163463  27487.91980565      0.        ], [1.12223925e+11 9.89242210e+10 0.00000000e+00]
[117373.15584239  29462.10759816      0.        ], [1.10505695e+11 1.00839993e+11 0.00000000e+00]
[122629.9840185  31525.8823564      0.       ], [1.08754766e+11 1.02725926e+11 0.00000000e+00]
[127983.43061411  33680.91954948      0.        ], [1.06971656e+11 1.04581462e+11 0.00000000e+00]
[133431.91149023  35928.86764081      0.        ], [1.05156892e+11 1.06406051e+11 0.00000000e+00]
[138973.81438646  38271.3476003       0.        ], [1.03311012e+11 1.08199153e+11 0.00000000e+00]
[144607.49939809  40709.95242475      0.        ], [1.01434560e+11 1.09960239e+11 0.00000000e+00]
[150331.29946142  43246.2466664       0.        ], [9.95280940e+10 1.11688787e+11 0.00000000e+00]
[156143.52084699  45881.76597004      0.        ], [9.75921764e+10 1.13384285e+11 0.00000000e+00]
[162042.44366086  48618.01661854      0.        ], [9.56273806e+10 1.15046231e+11 0.00000000e+00]
[168026.32235352  51456.47508718      0.        ], [9.36342879e+10 1.16674135e+11 0.00000000e+00]
[174093.38623642  54398.58760671      0.        ], [9.16134882e+10 1.18267514e+11 0.00000000e+00]
[180241.84000596  57445.76973543      0.        ], [8.95655793e+10 1.19825896e+11 0.00000000e+00]
[186469.86427474  60599.40594031      0.        ], [8.74911673e+10 1.21348821e+11 0.00000000e+00]
[192775.61610996  63860.84918733      0.        ], [8.53908661e+10 1.22835838e+11 0.00000000e+00]
[199157.22957874  67231.4205411       0.        ], [8.32652971e+10 1.24286507e+11 0.00000000e+00]
[205612.8163003  70712.408774       0.       ], [8.11150893e+10 1.25700399e+11 0.00000000e+00]
[212140.46600479  74305.06998477      0.        ], [7.89408790e+10 1.27077095e+11 0.00000000e+00]
[218738.2470985   78010.62722688      0.        ], [7.67433095e+10 1.28416188e+11 0.00000000e+00]
[225404.20723549  81830.2701466       0.        ], [7.45230312e+10 1.29717281e+11 0.00000000e+00]
[232136.37389532  85765.15463096      0.        ], [7.22807009e+10 1.30979991e+11 0.00000000e+00]
[238932.75496673  89816.40246576      0.        ], [7.00169824e+10 1.32203942e+11 0.00000000e+00]
[245791.33933715  93985.10100363      0.        ], [6.77325453e+10 1.33388773e+11 0.00000000e+00]
[252710.09748779  98272.30284225      0.        ], [6.54280657e+10 1.34534133e+11 0.00000000e+00]
[259686.98209423 102679.0255129       0.        ], [6.31042256e+10 1.35639684e+11 0.00000000e+00]
[266719.92863223 107206.2511794       0.        ], [6.07617125e+10 1.36705098e+11 0.00000000e+00]
[273806.85598868 111854.92634744      0.        ], [5.84012196e+10 1.37730060e+11 0.00000000e+00]
[280945.6670774  116625.96158456      0.        ], [5.60234455e+10 1.38714267e+11 0.00000000e+00]
[288134.24945968 121520.23125069      0.        ], [5.36290936e+10 1.39657427e+11 0.00000000e+00]
[295370.47596944 126538.57323943      0.        ], [5.12188726e+10 1.40559261e+11 0.00000000e+00]
[302652.20534263 131681.78873012      0.        ], [4.87934957e+10 1.41419503e+11 0.00000000e+00]
[309977.28285085 136950.6419508       0.        ], [4.63536805e+10 1.42237898e+11 0.00000000e+00]
[317343.54093902 142345.85995206      0.        ], [4.39001489e+10 1.43014204e+11 0.00000000e+00]
[324748.79986673 147868.13239188      0.        ], [4.14336271e+10 1.43748190e+11 0.00000000e+00]
[332190.86835327 153518.11133166      0.        ], [3.89548449e+10 1.44439641e+11 0.00000000e+00]
[339667.54422604 159296.41104317      0.        ], [3.64645357e+10 1.45088351e+11 0.00000000e+00]
[347176.61507225 165203.60782687      0.        ], [3.39634366e+10 1.45694128e+11 0.00000000e+00]
[354715.85889351 171240.23984138      0.        ], [3.14522874e+10 1.46256794e+11 0.00000000e+00]
[362283.04476342 177406.8069442       0.        ], [2.89318315e+10 1.46776181e+11 0.00000000e+00]
[369875.93348771 183703.7705439       0.        ], [2.64028145e+10 1.47252135e+11 0.00000000e+00]
[377492.27826679 190131.5534635       0.        ], [2.38659848e+10 1.47684517e+11 0.00000000e+00]
[385129.82536066 196690.53981544      0.        ], [2.13220932e+10 1.48073199e+11 0.00000000e+00]
[392786.31475581 203381.07488789      0.        ], [1.87718922e+10 1.48418064e+11 0.00000000e+00]
[400459.48083393 210203.46504262      0.        ], [1.62161367e+10 1.48719011e+11 0.00000000e+00]
[408147.05304237 217157.97762434      0.        ], [1.36555828e+10 1.48975952e+11 0.00000000e+00]
[415846.75656602 224244.84088161      0.        ], [1.10909883e+10 1.49188809e+11 0.00000000e+00]
[423556.31300043 231464.24389931      0.        ], [8.52311194e+09 1.49357520e+11 0.00000000e+00]
[431273.44102602 238816.33654271      0.        ], [5.95271369e+09 1.49482036e+11 0.00000000e+00]
[438995.85708313 246301.22941314      0.        ], [3.38055411e+09 1.49562319e+11 0.00000000e+00]
[446721.27604776 253918.99381527      0.        ], [8.07394341e+08 1.49598345e+11 0.00000000e+00]
[454447.41190776 261669.66173602      0.        ], [-1.76600421e+09  1.49590105e+11  0.00000000e+00]
[462171.97843924 269553.22583513      0.        ], [-4.33888006e+09  1.49537599e+11  0.00000000e+00]
[469892.68988315 277569.6394473       0.        ], [-6.91047187e+09  1.49440845e+11  0.00000000e+00]
[477607.26162159 285718.8165961       0.        ], [-9.48001868e+09  1.49299870e+11  0.00000000e+00]
[485313.41085388 294000.63201932      0.        ], [-1.20467601e+10  1.49114716e+11  0.00000000e+00]
[493008.85727203 302414.92120613      0.        ], [-1.46099368e+10  1.48885439e+11  0.00000000e+00]
[500691.32373555 310961.48044574      0.        ], [-1.71687900e+10  1.48612105e+11  0.00000000e+00]
[508358.53694519 319640.0668877       0.        ], [-1.97225628e+10  1.48294796e+11  0.00000000e+00]
[516008.22811571 328450.39861378      0.        ], [-2.22704994e+10  1.47933606e+11  0.00000000e+00]